d:\vsproject\qfui\displaywindow\release\vc142.pdb
d:\vsproject\qfui\displaywindow\release\qwmange.obj
d:\vsproject\qfui\displaywindow\release\qfwindow.obj
d:\vsproject\qfui\displaywindow\release\qftabs.obj
d:\vsproject\qfui\displaywindow\release\qfreportform.obj
d:\vsproject\qfui\displaywindow\release\qfprogressbarcar.obj
d:\vsproject\qfui\displaywindow\release\qfpicturebox.obj
d:\vsproject\qfui\displaywindow\release\qflinechart.obj
d:\vsproject\qfui\displaywindow\release\qfedit.obj
d:\vsproject\qfui\displaywindow\release\qfctrllistener.obj
d:\vsproject\qfui\displaywindow\release\qfbutton.obj
d:\vsproject\qfui\displaywindow\release\main.obj
d:\vsproject\qfui\displaywindow\release\dllimportqwnd.obj
d:\vsproject\qfui\release\displaywindow.exe
d:\vsproject\qfui\displaywindow\release\displaywindow.ipdb
d:\vsproject\qfui\displaywindow\release\displaywindow.iobj
d:\vsproject\qfui\release\displaywindow.pdb
d:\vsproject\qfui\displaywindow\release\displaywindow.tlog\cl.command.1.tlog
d:\vsproject\qfui\displaywindow\release\displaywindow.tlog\cl.read.1.tlog
d:\vsproject\qfui\displaywindow\release\displaywindow.tlog\cl.write.1.tlog
d:\vsproject\qfui\displaywindow\release\displaywindow.tlog\link.command.1.tlog
d:\vsproject\qfui\displaywindow\release\displaywindow.tlog\link.read.1.tlog
d:\vsproject\qfui\displaywindow\release\displaywindow.tlog\link.write.1.tlog
