  DLLImportQWND.cpp
D:\VSproject\TSMaster工程\新建文件夹\QFUIExamples\QFUIExamples\DisplayWindow\DLLImportQWND.h(1,1): warning C4819: 该文件包含不能在当前代码页(936)中表示的字符。请将该文件保存为 Unicode 格式以防止数据丢失
D:\VSproject\TSMaster工程\新建文件夹\QFUIExamples\QFUIExamples\DisplayWindow\QFUIWND.h(1,1): warning C4819: 该文件包含不能在当前代码页(936)中表示的字符。请将该文件保存为 Unicode 格式以防止数据丢失
  main.cpp
D:\VSproject\TSMaster工程\新建文件夹\QFUIExamples\QFUIExamples\DisplayWindow\QFCtrlListener.h(1,1): warning C4819: 该文件包含不能在当前代码页(936)中表示的字符。请将该文件保存为 Unicode 格式以防止数据丢失
D:\VSproject\TSMaster工程\新建文件夹\QFUIExamples\QFUIExamples\DisplayWindow\QFUIWND.h(1,1): warning C4819: 该文件包含不能在当前代码页(936)中表示的字符。请将该文件保存为 Unicode 格式以防止数据丢失
D:\VSproject\TSMaster工程\新建文件夹\QFUIExamples\QFUIExamples\DisplayWindow\DLLImportQWND.h(1,1): warning C4819: 该文件包含不能在当前代码页(936)中表示的字符。请将该文件保存为 Unicode 格式以防止数据丢失
D:\VSproject\TSMaster工程\新建文件夹\QFUIExamples\QFUIExamples\DisplayWindow\QWMange.h(1,1): warning C4819: 该文件包含不能在当前代码页(936)中表示的字符。请将该文件保存为 Unicode 格式以防止数据丢失
D:\VSproject\TSMaster工程\新建文件夹\QFUIExamples\QFUIExamples\DisplayWindow\QWNDHandle.h(1,1): warning C4819: 该文件包含不能在当前代码页(936)中表示的字符。请将该文件保存为 Unicode 格式以防止数据丢失
D:\VSproject\TSMaster工程\新建文件夹\QFUIExamples\QFUIExamples\DisplayWindow\QFReportForm.h(1,1): warning C4819: 该文件包含不能在当前代码页(936)中表示的字符。请将该文件保存为 Unicode 格式以防止数据丢失
D:\VSproject\TSMaster工程\新建文件夹\QFUIExamples\QFUIExamples\DisplayWindow\QWNDHandle.h(263,47): warning C4390: “;”: 找到空的受控语句；这是否是有意的?
D:\VSproject\TSMaster工程\新建文件夹\QFUIExamples\QFUIExamples\DisplayWindow\QFProgressBarCar.h(1,1): warning C4819: 该文件包含不能在当前代码页(936)中表示的字符。请将该文件保存为 Unicode 格式以防止数据丢失
D:\VSproject\TSMaster工程\新建文件夹\QFUIExamples\QFUIExamples\DisplayWindow\QFButton.h(1,1): warning C4819: 该文件包含不能在当前代码页(936)中表示的字符。请将该文件保存为 Unicode 格式以防止数据丢失
D:\VSproject\TSMaster工程\新建文件夹\QFUIExamples\QFUIExamples\DisplayWindow\QFTabs.h(3,1): warning C4005: “DEF_FUN_NAME”: 宏重定义
D:\VSproject\TSMaster工程\新建文件夹\QFUIExamples\QFUIExamples\DisplayWindow\QFLineChart.h(16): message : 参见“DEF_FUN_NAME”的前一个定义
D:\VSproject\TSMaster工程\新建文件夹\QFUIExamples\QFUIExamples\DisplayWindow\QFObjPtrMange.h(1,1): warning C4819: 该文件包含不能在当前代码页(936)中表示的字符。请将该文件保存为 Unicode 格式以防止数据丢失
D:\VSproject\TSMaster工程\新建文件夹\QFUIExamples\QFUIExamples\DisplayWindow\QFUIRenderer.h(1,1): warning C4819: 该文件包含不能在当前代码页(936)中表示的字符。请将该文件保存为 Unicode 格式以防止数据丢失
D:\VSproject\TSMaster工程\新建文件夹\QFUIExamples\QFUIExamples\DisplayWindow\main.cpp(114,46): warning C4305: “+=”: 从“double”到“QREAL”截断
  QFButton.cpp
D:\VSproject\TSMaster工程\新建文件夹\QFUIExamples\QFUIExamples\DisplayWindow\QFButton.h(1,1): warning C4819: 该文件包含不能在当前代码页(936)中表示的字符。请将该文件保存为 Unicode 格式以防止数据丢失
D:\VSproject\TSMaster工程\新建文件夹\QFUIExamples\QFUIExamples\DisplayWindow\DLLImportQWND.h(1,1): warning C4819: 该文件包含不能在当前代码页(936)中表示的字符。请将该文件保存为 Unicode 格式以防止数据丢失
D:\VSproject\TSMaster工程\新建文件夹\QFUIExamples\QFUIExamples\DisplayWindow\QFUIWND.h(1,1): warning C4819: 该文件包含不能在当前代码页(936)中表示的字符。请将该文件保存为 Unicode 格式以防止数据丢失
D:\VSproject\TSMaster工程\新建文件夹\QFUIExamples\QFUIExamples\DisplayWindow\QFCtrlListener.H(1,1): warning C4819: 该文件包含不能在当前代码页(936)中表示的字符。请将该文件保存为 Unicode 格式以防止数据丢失
  QFCtrlListener.cpp
D:\VSproject\TSMaster工程\新建文件夹\QFUIExamples\QFUIExamples\DisplayWindow\QFCtrlListener.h(1,1): warning C4819: 该文件包含不能在当前代码页(936)中表示的字符。请将该文件保存为 Unicode 格式以防止数据丢失
D:\VSproject\TSMaster工程\新建文件夹\QFUIExamples\QFUIExamples\DisplayWindow\QFUIWND.h(1,1): warning C4819: 该文件包含不能在当前代码页(936)中表示的字符。请将该文件保存为 Unicode 格式以防止数据丢失
  QFEdit.cpp
D:\VSproject\TSMaster工程\新建文件夹\QFUIExamples\QFUIExamples\DisplayWindow\DLLImportQWND.h(1,1): warning C4819: 该文件包含不能在当前代码页(936)中表示的字符。请将该文件保存为 Unicode 格式以防止数据丢失
D:\VSproject\TSMaster工程\新建文件夹\QFUIExamples\QFUIExamples\DisplayWindow\QFUIWND.h(1,1): warning C4819: 该文件包含不能在当前代码页(936)中表示的字符。请将该文件保存为 Unicode 格式以防止数据丢失
  QFLineChart.cpp
D:\VSproject\TSMaster工程\新建文件夹\QFUIExamples\QFUIExamples\DisplayWindow\DLLImportQWND.h(1,1): warning C4819: 该文件包含不能在当前代码页(936)中表示的字符。请将该文件保存为 Unicode 格式以防止数据丢失
D:\VSproject\TSMaster工程\新建文件夹\QFUIExamples\QFUIExamples\DisplayWindow\QFUIWND.h(1,1): warning C4819: 该文件包含不能在当前代码页(936)中表示的字符。请将该文件保存为 Unicode 格式以防止数据丢失
  QFPictureBox.cpp
D:\VSproject\TSMaster工程\新建文件夹\QFUIExamples\QFUIExamples\DisplayWindow\DLLImportQWND.h(1,1): warning C4819: 该文件包含不能在当前代码页(936)中表示的字符。请将该文件保存为 Unicode 格式以防止数据丢失
D:\VSproject\TSMaster工程\新建文件夹\QFUIExamples\QFUIExamples\DisplayWindow\QFUIWND.h(1,1): warning C4819: 该文件包含不能在当前代码页(936)中表示的字符。请将该文件保存为 Unicode 格式以防止数据丢失
  QFProgressBarCar.cpp
D:\VSproject\TSMaster工程\新建文件夹\QFUIExamples\QFUIExamples\DisplayWindow\QFProgressBarCar.h(1,1): warning C4819: 该文件包含不能在当前代码页(936)中表示的字符。请将该文件保存为 Unicode 格式以防止数据丢失
D:\VSproject\TSMaster工程\新建文件夹\QFUIExamples\QFUIExamples\DisplayWindow\DLLImportQWND.h(1,1): warning C4819: 该文件包含不能在当前代码页(936)中表示的字符。请将该文件保存为 Unicode 格式以防止数据丢失
D:\VSproject\TSMaster工程\新建文件夹\QFUIExamples\QFUIExamples\DisplayWindow\QFUIWND.h(1,1): warning C4819: 该文件包含不能在当前代码页(936)中表示的字符。请将该文件保存为 Unicode 格式以防止数据丢失
  QFReportForm.cpp
D:\VSproject\TSMaster工程\新建文件夹\QFUIExamples\QFUIExamples\DisplayWindow\QFReportForm.h(1,1): warning C4819: 该文件包含不能在当前代码页(936)中表示的字符。请将该文件保存为 Unicode 格式以防止数据丢失
D:\VSproject\TSMaster工程\新建文件夹\QFUIExamples\QFUIExamples\DisplayWindow\DLLImportQWND.h(1,1): warning C4819: 该文件包含不能在当前代码页(936)中表示的字符。请将该文件保存为 Unicode 格式以防止数据丢失
D:\VSproject\TSMaster工程\新建文件夹\QFUIExamples\QFUIExamples\DisplayWindow\QFUIWND.h(1,1): warning C4819: 该文件包含不能在当前代码页(936)中表示的字符。请将该文件保存为 Unicode 格式以防止数据丢失
  QFTabs.cpp
D:\VSproject\TSMaster工程\新建文件夹\QFUIExamples\QFUIExamples\DisplayWindow\DLLImportQWND.h(1,1): warning C4819: 该文件包含不能在当前代码页(936)中表示的字符。请将该文件保存为 Unicode 格式以防止数据丢失
D:\VSproject\TSMaster工程\新建文件夹\QFUIExamples\QFUIExamples\DisplayWindow\QFUIWND.h(1,1): warning C4819: 该文件包含不能在当前代码页(936)中表示的字符。请将该文件保存为 Unicode 格式以防止数据丢失
  QFWindow.cpp
  QWMange.cpp
D:\VSproject\TSMaster工程\新建文件夹\QFUIExamples\QFUIExamples\DisplayWindow\QWMange.h(1,1): warning C4819: 该文件包含不能在当前代码页(936)中表示的字符。请将该文件保存为 Unicode 格式以防止数据丢失
D:\VSproject\TSMaster工程\新建文件夹\QFUIExamples\QFUIExamples\DisplayWindow\DLLImportQWND.h(1,1): warning C4819: 该文件包含不能在当前代码页(936)中表示的字符。请将该文件保存为 Unicode 格式以防止数据丢失
D:\VSproject\TSMaster工程\新建文件夹\QFUIExamples\QFUIExamples\DisplayWindow\QFUIWND.h(1,1): warning C4819: 该文件包含不能在当前代码页(936)中表示的字符。请将该文件保存为 Unicode 格式以防止数据丢失
D:\VSproject\TSMaster工程\新建文件夹\QFUIExamples\QFUIExamples\DisplayWindow\QFCtrlListener.h(1,1): warning C4819: 该文件包含不能在当前代码页(936)中表示的字符。请将该文件保存为 Unicode 格式以防止数据丢失
  正在生成代码
  750 of 756 functions (99.2%) were compiled, the rest were copied from previous compilation.
    63 functions were new in current compilation
    1 functions had inline decision re-evaluated but remain unchanged
  已完成代码的生成
  DisplayWindow.vcxproj -> D:\VSproject\TSMaster工程\新建文件夹\QFUIExamples\QFUIExamples\Release\DisplayWindow.exe
